Configuration on demand is an incubating feature.
Calculating task graph as configuration cache cannot be reused because file 'gradle\libs.versions.toml' has changed.
> Task :app:preBuild UP-TO-DATE
> Task :app:checkKotlinGradlePluginConfigurationErrors SKIPPED
> Task :app:preDebugBuild UP-TO-DATE
> Task :app:mergeDebugNativeDebugMetadata NO-SOURCE
> Task :app:generateDebugBuildConfig UP-TO-DATE
> Task :app:generateDebugResValues UP-TO-DATE
> Task :app:checkDebugAarMetadata UP-TO-DATE
> Task :app:extractDebugSupportedLocales UP-TO-DATE
> Task :app:generateDebugResources UP-TO-DATE
> Task :app:mapDebugSourceSetPaths UP-TO-DATE
> Task :app:createDebugCompatibleScreenManifests UP-TO-DATE
> Task :app:extractDeepLinksDebug UP-TO-DATE
> Task :app:generateDebugLocaleConfig UP-TO-DATE
> Task :app:dataBindingMergeDependencyArtifactsDebug UP-TO-DATE
> Task :app:processDebugMainManifest UP-TO-DATE
> Task :app:processDebugManifest UP-TO-DATE
> Task :app:processDebugManifestForPackage UP-TO-DATE
> Task :app:mergeDebugShaders
> Task :app:compileDebugShaders NO-SOURCE
> Task :app:generateDebugAssets UP-TO-DATE
> Task :app:mergeDebugAssets
> Task :app:javaPreCompileDebug
> Task :app:mergeDebugResources FROM-CACHE
> Task :app:compressDebugAssets
> Task :app:desugarDebugFileDependencies
> Task :app:validateSigningDebug
> Task :app:writeDebugAppMetadata
> Task :app:writeDebugSigningConfigVersions
> Task :app:packageDebugResources
> Task :app:parseDebugLocalResources UP-TO-DATE
> Task :app:mergeDebugJniLibFolders
> Task :app:processDebugResources UP-TO-DATE
> Task :app:mergeDebugNativeLibs
> Task :app:dataBindingGenBaseClassesDebug UP-TO-DATE
> Task :app:checkDebugDuplicateClasses

> Task :app:stripDebugDebugSymbols
Unable to strip the following libraries, packaging them as they are: libandroidx.graphics.path.so. Run with --info option to learn more.

> Task :app:kspDebugKotlin
> Task :app:mergeExtDexDebug
> Task :app:mergeLibDexDebug
> Task :app:compileDebugKotlin
e: file:///C:/Users/joaom/Documents/GitHub/Music_Hub/app/src/main/java/com/joaomagdaleno/music_hub/ui/compose/components/MediaItem.kt:19:8 Unresolved reference 'coil'.
e: file:///C:/Users/joaom/Documents/GitHub/Music_Hub/app/src/main/java/com/joaomagdaleno/music_hub/ui/compose/components/MediaItem.kt:35:23 Unresolved reference 'rememberAsyncImagePainter'.
e: file:///C:/Users/joaom/Documents/GitHub/Music_Hub/app/src/main/java/com/joaomagdaleno/music_hub/ui/compose/screens/HomeScreen.kt:44:27 Cannot access 'val stateFlow: StateFlow<Pair<Result<FeedData.State<Feed<Shelf>>?>?, Result<FeedData.State<Feed<Shelf>>?>?>>': it is private in 'com/joaomagdaleno/music_hub/ui/feed/FeedData'.
e: file:///C:/Users/joaom/Documents/GitHub/Music_Hub/app/src/main/java/com/joaomagdaleno/music_hub/ui/compose/screens/HomeScreen.kt:55:27 Unresolved reference 'data'.
e: file:///C:/Users/joaom/Documents/GitHub/Music_Hub/app/src/main/java/com/joaomagdaleno/music_hub/ui/compose/screens/HomeScreen.kt:62:23 Argument type mismatch: actual type is 'Any', but 'Int' was expected.

> Task :app:compileDebugKotlin FAILED

FAILURE: Build failed with an exception.

* What went wrong:
34 actionable tasks: 17 executed, 1 from cache, 16 up-to-date
Execution failed for task ':app:compileDebugKotlin'.
> A failure occurred while executing org.jetbrains.kotlin.compilerRunner.GradleCompilerRunnerWithWorkers$GradleKotlinCompilerWorkAction
   > Compilation error. See log for more details

* Try:
> Run with --stacktrace option to get the stack trace.
> Run with --info or --debug option to get more log output.
> Run with --scan to generate a Build Scan (Powered by Develocity).
> Get more help at https://help.gradle.org.

BUILD FAILED in 8m 59s
Configuration cache entry stored.
